<?xml version="1.0" encoding="UTF-8"?>
<coverage generated="1487534236">
  <project timestamp="1487534236">
    <package name="DarrynTen\Clarifai">
      <file name="/Users/darryn/code/decaduck/clarifai-php/src/Clarifai.php">
        <class name="Clarifai" namespace="DarrynTen\Clarifai" fullPackage="Clarifai" package="Clarifai">
          <metrics complexity="8" methods="8" coveredmethods="8" conditionals="0" coveredconditionals="0" statements="9" coveredstatements="9" elements="17" coveredelements="17"/>
        </class>
        <line num="35" type="method" name="__construct" visibility="public" complexity="1" crap="1" count="7"/>
        <line num="37" type="stmt" count="7"/>
        <line num="38" type="stmt" count="7"/>
        <line num="43" type="method" name="getRequest" visibility="public" complexity="1" crap="1" count="7"/>
        <line num="45" type="stmt" count="7"/>
        <line num="54" type="method" name="getModel" visibility="public" complexity="1" crap="1" count="1"/>
        <line num="56" type="stmt" count="1"/>
        <line num="65" type="method" name="getModels" visibility="public" complexity="1" crap="1" count="1"/>
        <line num="67" type="stmt" count="1"/>
        <line num="76" type="method" name="getConcept" visibility="public" complexity="1" crap="1" count="1"/>
        <line num="78" type="stmt" count="1"/>
        <line num="87" type="method" name="getConcepts" visibility="public" complexity="1" crap="1" count="1"/>
        <line num="89" type="stmt" count="1"/>
        <line num="98" type="method" name="getInput" visibility="public" complexity="1" crap="1" count="1"/>
        <line num="100" type="stmt" count="1"/>
        <line num="109" type="method" name="getInputs" visibility="public" complexity="1" crap="1" count="1"/>
        <line num="111" type="stmt" count="1"/>
        <metrics loc="113" ncloc="51" classes="1" methods="8" coveredmethods="8" conditionals="0" coveredconditionals="0" statements="9" coveredstatements="9" elements="17" coveredelements="17"/>
      </file>
    </package>
    <package name="DarrynTen\Clarifai\Exception">
      <file name="/Users/darryn/code/decaduck/clarifai-php/src/Exception/ApiException.php">
        <class name="ApiException" namespace="DarrynTen\Clarifai\Exception" fullPackage="Clarifai" package="Clarifai">
          <metrics complexity="3" methods="1" coveredmethods="1" conditionals="0" coveredconditionals="0" statements="11" coveredstatements="11" elements="12" coveredelements="12"/>
        </class>
        <line num="27" type="method" name="__construct" visibility="public" complexity="3" crap="3" count="4"/>
        <line num="30" type="stmt" count="4"/>
        <line num="31" type="stmt" count="1"/>
        <line num="32" type="stmt" count="1"/>
        <line num="33" type="stmt" count="1"/>
        <line num="34" type="stmt" count="1"/>
        <line num="35" type="stmt" count="1"/>
        <line num="36" type="stmt" count="1"/>
        <line num="38" type="stmt" count="1"/>
        <line num="39" type="stmt" count="1"/>
        <line num="43" type="stmt" count="4"/>
        <line num="44" type="stmt" count="4"/>
        <metrics loc="45" ncloc="26" classes="1" methods="1" coveredmethods="1" conditionals="0" coveredconditionals="0" statements="11" coveredstatements="11" elements="12" coveredelements="12"/>
      </file>
    </package>
    <package name="DarrynTen\Clarifai\Repository">
      <file name="/Users/darryn/code/decaduck/clarifai-php/src/Repository/BaseRepository.php">
        <class name="BaseRepository" namespace="DarrynTen\Clarifai\Repository" fullPackage="DarrynTen" package="DarrynTen">
          <metrics complexity="2" methods="2" coveredmethods="2" conditionals="0" coveredconditionals="0" statements="3" coveredstatements="3" elements="5" coveredelements="5"/>
        </class>
        <line num="28" type="method" name="__construct" visibility="public" complexity="1" crap="1" count="16"/>
        <line num="30" type="stmt" count="16"/>
        <line num="31" type="stmt" count="16"/>
        <line num="36" type="method" name="getRequest" visibility="protected" complexity="1" crap="1" count="6"/>
        <line num="38" type="stmt" count="6"/>
        <metrics loc="40" ncloc="20" classes="1" methods="2" coveredmethods="2" conditionals="0" coveredconditionals="0" statements="3" coveredstatements="3" elements="5" coveredelements="5"/>
      </file>
      <file name="/Users/darryn/code/decaduck/clarifai-php/src/Repository/Concept.php">
        <class name="Concept" namespace="DarrynTen\Clarifai\Repository" fullPackage="Clarifai" package="Clarifai">
          <metrics complexity="2" methods="1" coveredmethods="1" conditionals="0" coveredconditionals="0" statements="9" coveredstatements="9" elements="10" coveredelements="10"/>
        </class>
        <line num="79" type="method" name="__construct" visibility="public" complexity="2" crap="2" count="3"/>
        <line num="81" type="stmt" count="3"/>
        <line num="82" type="stmt" count="3"/>
        <line num="83" type="stmt" count="3"/>
        <line num="84" type="stmt" count="3"/>
        <line num="85" type="stmt" count="3"/>
        <line num="86" type="stmt" count="3"/>
        <line num="88" type="stmt" count="3"/>
        <line num="89" type="stmt" count="3"/>
        <line num="90" type="stmt" count="3"/>
        <metrics loc="91" ncloc="35" classes="1" methods="1" coveredmethods="1" conditionals="0" coveredconditionals="0" statements="9" coveredstatements="9" elements="10" coveredelements="10"/>
      </file>
      <file name="/Users/darryn/code/decaduck/clarifai-php/src/Repository/Concepts.php">
        <class name="Concepts" namespace="DarrynTen\Clarifai\Repository" fullPackage="Clarifai" package="Clarifai">
          <metrics complexity="2" methods="1" coveredmethods="1" conditionals="0" coveredconditionals="0" statements="6" coveredstatements="6" elements="7" coveredelements="7"/>
        </class>
        <line num="51" type="method" name="__construct" visibility="public" complexity="2" crap="2" count="2"/>
        <line num="53" type="stmt" count="2"/>
        <line num="54" type="stmt" count="2"/>
        <line num="55" type="stmt" count="2"/>
        <line num="57" type="stmt" count="2"/>
        <line num="58" type="stmt" count="1"/>
        <line num="60" type="stmt" count="2"/>
        <metrics loc="67" ncloc="21" classes="1" methods="1" coveredmethods="1" conditionals="0" coveredconditionals="0" statements="6" coveredstatements="6" elements="7" coveredelements="7"/>
      </file>
      <file name="/Users/darryn/code/decaduck/clarifai-php/src/Repository/Input.php">
        <class name="Input" namespace="DarrynTen\Clarifai\Repository" fullPackage="Clarifai" package="Clarifai">
          <metrics complexity="1" methods="1" coveredmethods="1" conditionals="0" coveredconditionals="0" statements="9" coveredstatements="9" elements="10" coveredelements="10"/>
        </class>
        <line num="86" type="method" name="__construct" visibility="public" complexity="1" crap="1" count="3"/>
        <line num="88" type="stmt" count="3"/>
        <line num="89" type="stmt" count="3"/>
        <line num="90" type="stmt" count="3"/>
        <line num="91" type="stmt" count="3"/>
        <line num="96" type="stmt" count="3"/>
        <line num="97" type="stmt" count="3"/>
        <line num="101" type="stmt" count="3"/>
        <line num="102" type="stmt" count="3"/>
        <line num="103" type="stmt" count="3"/>
        <metrics loc="110" ncloc="33" classes="1" methods="1" coveredmethods="1" conditionals="0" coveredconditionals="0" statements="9" coveredstatements="9" elements="10" coveredelements="10"/>
      </file>
      <file name="/Users/darryn/code/decaduck/clarifai-php/src/Repository/Inputs.php">
        <class name="Inputs" namespace="DarrynTen\Clarifai\Repository" fullPackage="Clarifai" package="Clarifai">
          <metrics complexity="2" methods="1" coveredmethods="1" conditionals="0" coveredconditionals="0" statements="6" coveredstatements="6" elements="7" coveredelements="7"/>
        </class>
        <line num="51" type="method" name="__construct" visibility="public" complexity="2" crap="2" count="2"/>
        <line num="53" type="stmt" count="2"/>
        <line num="54" type="stmt" count="2"/>
        <line num="55" type="stmt" count="2"/>
        <line num="57" type="stmt" count="2"/>
        <line num="58" type="stmt" count="1"/>
        <line num="60" type="stmt" count="2"/>
        <metrics loc="74" ncloc="14" classes="1" methods="1" coveredmethods="1" conditionals="0" coveredconditionals="0" statements="6" coveredstatements="6" elements="7" coveredelements="7"/>
      </file>
      <file name="/Users/darryn/code/decaduck/clarifai-php/src/Repository/Model.php">
        <class name="Model" namespace="DarrynTen\Clarifai\Repository" fullPackage="Clarifai" package="Clarifai">
          <metrics complexity="11" methods="5" coveredmethods="5" conditionals="0" coveredconditionals="0" statements="25" coveredstatements="25" elements="30" coveredelements="30"/>
        </class>
        <line num="137" type="method" name="__construct" visibility="public" complexity="3" crap="3" count="7"/>
        <line num="139" type="stmt" count="7"/>
        <line num="140" type="stmt" count="7"/>
        <line num="141" type="stmt" count="2"/>
        <line num="142" type="stmt" count="2"/>
        <line num="143" type="stmt" count="2"/>
        <line num="144" type="stmt" count="2"/>
        <line num="145" type="stmt" count="2"/>
        <line num="148" type="stmt" count="7"/>
        <line num="149" type="stmt" count="7"/>
        <line num="150" type="stmt" count="7"/>
        <line num="161" type="method" name="predict" visibility="private" complexity="2" crap="2" count="3"/>
        <line num="163" type="stmt" count="3"/>
        <line num="166" type="stmt" count="3"/>
        <line num="171" type="stmt" count="3"/>
        <line num="172" type="stmt" count="3"/>
        <line num="175" type="stmt" count="3"/>
        <line num="181" type="stmt" count="3"/>
        <line num="182" type="stmt" count="3"/>
        <line num="183" type="stmt" count="3"/>
        <line num="197" type="method" name="predictUrl" visibility="public" complexity="1" crap="1" count="1"/>
        <line num="199" type="stmt" count="1"/>
        <line num="211" type="method" name="predictPath" visibility="public" complexity="2" crap="2" count="2"/>
        <line num="213" type="stmt" count="2"/>
        <line num="214" type="stmt" count="1"/>
        <line num="217" type="stmt" count="1"/>
        <line num="219" type="stmt" count="1"/>
        <line num="235" type="method" name="predictEncoded" visibility="public" complexity="1" crap="1" count="1"/>
        <line num="237" type="stmt" count="1"/>
        <line num="239" type="stmt" count="1"/>
        <metrics loc="276" ncloc="109" classes="1" methods="5" coveredmethods="5" conditionals="0" coveredconditionals="0" statements="25" coveredstatements="25" elements="30" coveredelements="30"/>
      </file>
      <file name="/Users/darryn/code/decaduck/clarifai-php/src/Repository/Models.php">
        <class name="Models" namespace="DarrynTen\Clarifai\Repository" fullPackage="Clarifai" package="Clarifai">
          <metrics complexity="2" methods="1" coveredmethods="1" conditionals="0" coveredconditionals="0" statements="6" coveredstatements="6" elements="7" coveredelements="7"/>
        </class>
        <line num="51" type="method" name="__construct" visibility="public" complexity="2" crap="2" count="2"/>
        <line num="53" type="stmt" count="2"/>
        <line num="54" type="stmt" count="2"/>
        <line num="55" type="stmt" count="2"/>
        <line num="57" type="stmt" count="2"/>
        <line num="58" type="stmt" count="1"/>
        <line num="60" type="stmt" count="2"/>
        <metrics loc="80" ncloc="8" classes="1" methods="1" coveredmethods="1" conditionals="0" coveredconditionals="0" statements="6" coveredstatements="6" elements="7" coveredelements="7"/>
      </file>
    </package>
    <package name="DarrynTen\Clarifai\Request">
      <file name="/Users/darryn/code/decaduck/clarifai-php/src/Request/RequestHandler.php">
        <class name="RequestHandler" namespace="DarrynTen\Clarifai\Request" fullPackage="Clarifai" category="Library" package="Clarifai">
          <metrics complexity="10" methods="5" coveredmethods="5" conditionals="0" coveredconditionals="0" statements="31" coveredstatements="31" elements="36" coveredelements="36"/>
        </class>
        <line num="92" type="method" name="__construct" visibility="public" complexity="1" crap="1" count="16"/>
        <line num="94" type="stmt" count="16"/>
        <line num="95" type="stmt" count="16"/>
        <line num="96" type="stmt" count="16"/>
        <line num="97" type="stmt" count="16"/>
        <line num="98" type="stmt" count="16"/>
        <line num="113" type="method" name="handleRequest" visibility="public" complexity="4" crap="4" count="7"/>
        <line num="116" type="stmt" count="7"/>
        <line num="117" type="stmt" count="2"/>
        <line num="119" type="stmt" count="1"/>
        <line num="122" type="stmt" count="1"/>
        <line num="128" type="stmt" count="7"/>
        <line num="131" type="stmt" count="4"/>
        <line num="132" type="stmt" count="3"/>
        <line num="133" type="stmt" count="3"/>
        <line num="135" type="stmt" count="3"/>
        <line num="144" type="method" name="getAuthToken" visibility="private" complexity="3" crap="3" count="3"/>
        <line num="147" type="stmt" count="3"/>
        <line num="148" type="stmt" count="3"/>
        <line num="151" type="stmt" count="1"/>
        <line num="157" type="method" name="requestToken" visibility="private" complexity="1" crap="1" count="3"/>
        <line num="159" type="stmt" count="3"/>
        <line num="160" type="stmt" count="3"/>
        <line num="161" type="stmt" count="3"/>
        <line num="164" type="stmt" count="3"/>
        <line num="165" type="stmt" count="3"/>
        <line num="166" type="stmt" count="3"/>
        <line num="171" type="stmt" count="1"/>
        <line num="172" type="stmt" count="1"/>
        <line num="174" type="stmt" count="1"/>
        <line num="175" type="stmt" count="1"/>
        <line num="176" type="stmt" count="1"/>
        <line num="189" type="method" name="request" visibility="public" complexity="1" crap="1" count="3"/>
        <line num="193" type="stmt" count="3"/>
        <line num="198" type="stmt" count="1"/>
        <line num="200" type="stmt" count="1"/>
        <metrics loc="205" ncloc="93" classes="1" methods="5" coveredmethods="5" conditionals="0" coveredconditionals="0" statements="31" coveredstatements="31" elements="36" coveredelements="36"/>
      </file>
    </package>
    <metrics files="10" loc="1101" ncloc="410" classes="10" methods="26" coveredmethods="26" conditionals="0" coveredconditionals="0" statements="115" coveredstatements="115" elements="141" coveredelements="141"/>
  </project>
</coverage>
